<?xml version="1.0" encoding="UTF-8"?>
<!-- Generated by org.testng.reporters.JUnitXMLReporter -->
<testsuite ignored="0" hostname="Davids-MBP" failures="1" tests="5" name="Settings" time="104.957" errors="0" timestamp="27 Nov. 2018 04:11:35 GMT">
  <testcase classname="co.indebted.mypackage.tests.settings.SettingsTest" name="SettingsTests" time="10.712"/>
  <testcase classname="co.indebted.mypackage.tests.settings.GeneralTabTest" name="GeneralTabTests" time="15.379">
    <failure type="java.lang.AssertionError" message="expected [Indebted.stg] but found [[[FirefoxDriver: firefox on MAC (051d1d74-353b-514c-b5da-2cb48266414c)] -&amp;gt; xpath: //*[@id=&amp;quot;app&amp;quot;]/div/div[3]/form/div[1]/div/fieldset/div/input]]">
      <![CDATA[java.lang.AssertionError: expected [Indebted.stg] but found [[[FirefoxDriver: firefox on MAC (051d1d74-353b-514c-b5da-2cb48266414c)] -> xpath: //*[@id="app"]/div/div[3]/form/div[1]/div/fieldset/div/input]]
at co.indebted.mypackage.tests.settings.GeneralTabTest.GeneralTabTests(GeneralTabTest.java:38)
at java.base/java.util.concurrent.Executors$RunnableAdapter.call(Executors.java:514)
at java.base/java.util.concurrent.FutureTask.run(FutureTask.java:264)
at java.base/java.util.concurrent.ThreadPoolExecutor.runWorker(ThreadPoolExecutor.java:1135)
at java.base/java.util.concurrent.ThreadPoolExecutor$Worker.run(ThreadPoolExecutor.java:635)
at java.base/java.lang.Thread.run(Thread.java:844)
... Removed 12 stack frames]]>
    </failure>
  </testcase> <!-- GeneralTabTests -->
  <testcase classname="co.indebted.mypackage.tests.settings.ComplianceTabTest" name="ComplianceTabTests" time="15.149"/>
  <testcase classname="co.indebted.mypackage.tests.settings.PermissionsTabTest" name="PermissionsTabTests" time="26.894"/>
  <testcase classname="co.indebted.mypackage.tests.settings.UsersTabTest" name="PermissionsTabTests" time="10.862"/>
</testsuite> <!-- Settings -->
