<html>
<head>
<title>TestNG:  Settings</title>
<link href="../testng.css" rel="stylesheet" type="text/css" />
<link href="../my-testng.css" rel="stylesheet" type="text/css" />

<style type="text/css">
.log { display: none;} 
.stack-trace { display: none;} 
</style>
<script type="text/javascript">
<!--
function flip(e) {
  current = e.style.display;
  if (current == 'block') {
    e.style.display = 'none';
    return 0;
  }
  else {
    e.style.display = 'block';
    return 1;
  }
}

function toggleBox(szDivId, elem, msg1, msg2)
{
  var res = -1;  if (document.getElementById) {
    res = flip(document.getElementById(szDivId));
  }
  else if (document.all) {
    // this is the way old msie versions work
    res = flip(document.all[szDivId]);
  }
  if(elem) {
    if(res == 0) elem.innerHTML = msg1; else elem.innerHTML = msg2;
  }

}

function toggleAllBoxes() {
  if (document.getElementsByTagName) {
    d = document.getElementsByTagName('div');
    for (i = 0; i < d.length; i++) {
      if (d[i].className == 'log') {
        flip(d[i]);
      }
    }
  }
}

// -->
</script>

</head>
<body>
<h2 align='center'>Settings</h2><table border='1' align="center">
<tr>
<td>Tests passed/Failed/Skipped:</td><td>4/1/0</td>
</tr><tr>
<td>Started on:</td><td>Tue Nov 27 15:09:50 AEDT 2018</td>
</tr>
<tr><td>Total time:</td><td>104 seconds (104957 ms)</td>
</tr><tr>
<td>Included groups:</td><td></td>
</tr><tr>
<td>Excluded groups:</td><td></td>
</tr>
</table><p/>
<small><i>(Hover the method name to see the test class name)</i></small><p/>
<table width='100%' border='1' class='invocation-failed'>
<tr><td colspan='4' align='center'><b>FAILED TESTS</b></td></tr>
<tr><td><b>Test method</b></td>
<td width="30%"><b>Exception</b></td>
<td width="10%"><b>Time (seconds)</b></td>
<td><b>Instance</b></td>
</tr>
<tr>
<td title='co.indebted.mypackage.tests.settings.GeneralTabTest.GeneralTabTests()'><b>GeneralTabTests</b><br>Test class: co.indebted.mypackage.tests.settings.GeneralTabTest</td>
<td><div><pre>java.lang.AssertionError: expected [Indebted.stg] but found [[[FirefoxDriver: firefox on MAC (051d1d74-353b-514c-b5da-2cb48266414c)] -&gt; xpath: //*[@id=&quot;app&quot;]/div/div[3]/form/div[1]/div/fieldset/div/input]]
	at co.indebted.mypackage.tests.settings.GeneralTabTest.GeneralTabTests(GeneralTabTest.java:38)
	at java.base/java.util.concurrent.Executors$RunnableAdapter.call(Executors.java:514)
	at java.base/java.util.concurrent.FutureTask.run(FutureTask.java:264)
	at java.base/java.util.concurrent.ThreadPoolExecutor.runWorker(ThreadPoolExecutor.java:1135)
	at java.base/java.util.concurrent.ThreadPoolExecutor$Worker.run(ThreadPoolExecutor.java:635)
	at java.base/java.lang.Thread.run(Thread.java:844)
... Removed 12 stack frames</pre></div><a href='#' onClick='toggleBox("stack-trace1037475674", this, "Click to show all stack frames", "Click to hide stack frames")'>Click to show all stack frames</a>
<div class='stack-trace' id='stack-trace1037475674'><pre>java.lang.AssertionError: expected [Indebted.stg] but found [[[FirefoxDriver: firefox on MAC (051d1d74-353b-514c-b5da-2cb48266414c)] -&gt; xpath: //*[@id=&quot;app&quot;]/div/div[3]/form/div[1]/div/fieldset/div/input]]
	at org.testng.Assert.fail(Assert.java:96)
	at org.testng.Assert.failNotEquals(Assert.java:776)
	at org.testng.Assert.assertEqualsImpl(Assert.java:137)
	at org.testng.Assert.assertEquals(Assert.java:118)
	at org.testng.Assert.assertEquals(Assert.java:442)
	at co.indebted.mypackage.tests.settings.GeneralTabTest.GeneralTabTests(GeneralTabTest.java:38)
	at java.base/jdk.internal.reflect.NativeMethodAccessorImpl.invoke0(Native Method)
	at java.base/jdk.internal.reflect.NativeMethodAccessorImpl.invoke(NativeMethodAccessorImpl.java:62)
	at java.base/jdk.internal.reflect.DelegatingMethodAccessorImpl.invoke(DelegatingMethodAccessorImpl.java:43)
	at java.base/java.lang.reflect.Method.invoke(Method.java:564)
	at org.testng.internal.MethodInvocationHelper.invokeMethod(MethodInvocationHelper.java:124)
	at org.testng.internal.InvokeMethodRunnable.runOne(InvokeMethodRunnable.java:54)
	at org.testng.internal.InvokeMethodRunnable.run(InvokeMethodRunnable.java:44)
	at java.base/java.util.concurrent.Executors$RunnableAdapter.call(Executors.java:514)
	at java.base/java.util.concurrent.FutureTask.run(FutureTask.java:264)
	at java.base/java.util.concurrent.ThreadPoolExecutor.runWorker(ThreadPoolExecutor.java:1135)
	at java.base/java.util.concurrent.ThreadPoolExecutor$Worker.run(ThreadPoolExecutor.java:635)
	at java.base/java.lang.Thread.run(Thread.java:844)
</pre></div></td>
<td>15</td>
<td>co.indebted.mypackage.tests.settings.GeneralTabTest@d6e7bab</td></tr>
</table><p>
<table width='100%' border='1' class='invocation-passed'>
<tr><td colspan='4' align='center'><b>PASSED TESTS</b></td></tr>
<tr><td><b>Test method</b></td>
<td width="30%"><b>Exception</b></td>
<td width="10%"><b>Time (seconds)</b></td>
<td><b>Instance</b></td>
</tr>
<tr>
<td title='co.indebted.mypackage.tests.settings.ComplianceTabTest.ComplianceTabTests()'><b>ComplianceTabTests</b><br>Test class: co.indebted.mypackage.tests.settings.ComplianceTabTest</td>
<td></td>
<td>15</td>
<td>co.indebted.mypackage.tests.settings.ComplianceTabTest@5fa07e12</td></tr>
<tr>
<td title='co.indebted.mypackage.tests.settings.PermissionsTabTest.PermissionsTabTests()'><b>PermissionsTabTests</b><br>Test class: co.indebted.mypackage.tests.settings.PermissionsTabTest</td>
<td></td>
<td>26</td>
<td>co.indebted.mypackage.tests.settings.PermissionsTabTest@55b53d44</td></tr>
<tr>
<td title='co.indebted.mypackage.tests.settings.UsersTabTest.PermissionsTabTests()'><b>PermissionsTabTests</b><br>Test class: co.indebted.mypackage.tests.settings.UsersTabTest</td>
<td></td>
<td>10</td>
<td>co.indebted.mypackage.tests.settings.UsersTabTest@482bce4f</td></tr>
<tr>
<td title='co.indebted.mypackage.tests.settings.SettingsTest.SettingsTests()'><b>SettingsTests</b><br>Test class: co.indebted.mypackage.tests.settings.SettingsTest</td>
<td></td>
<td>10</td>
<td>co.indebted.mypackage.tests.settings.SettingsTest@3315d2d7</td></tr>
</table><p>
</body>
</html>